mode: atomic
github.com/maadiii/gogate/internal/hook/registry.go:10.2,11.1 1 1
github.com/maadiii/gogate/internal/hook/registry.go:14.2,14.16 1 1
github.com/maadiii/gogate/internal/hook/registry.go:15.3,16.1 1 0
github.com/maadiii/gogate/internal/hook/registry.go:18.2,18.44 1 1
github.com/maadiii/gogate/internal/hook/registry.go:19.3,20.1 1 0
github.com/maadiii/gogate/internal/hook/registry.go:22.2,23.1 2 1
github.com/maadiii/gogate/internal/hook/registry.go:24.2,24.12 2 1
github.com/maadiii/gogate/internal/hook/registry.go:28.2,29.9 2 1
github.com/maadiii/gogate/internal/hook/registry.go:30.3,31.1 1 0
github.com/maadiii/gogate/internal/hook/registry.go:33.2,34.16 2 1
github.com/maadiii/gogate/internal/hook/registry.go:35.3,36.1 1 0
github.com/maadiii/gogate/internal/hook/registry.go:37.2,37.22 1 1
github.com/maadiii/gogate/internal/hook/registry.go:38.3,42.1 1 0
github.com/maadiii/gogate/internal/hook/registry.go:44.2,44.15 1 1
